bin/proguard/seeds.txt
com.google.ads.internal.c$b
com.google.ads.internal.c$b: com.google.ads.internal.c a
com.google.ads.internal.c$b: c$b(com.google.ads.internal.c,java.lang.String)
com.google.ads.internal.c$c
com.google.ads.internal.c$c: java.lang.String b
com.google.ads.internal.c$c: java.lang.String c
com.google.ads.internal.c$c: android.webkit.WebView d
com.google.ads.internal.c$c: com.google.ads.internal.c a
com.google.ads.internal.c$c: c$c(com.google.ads.internal.c,android.webkit.WebView,java.lang.String,java.lang.String)
com.google.ads.internal.c$c: void run()
com.google.ads.internal.c$d
com.google.ads.internal.c$d: com.google.ads.internal.c$d a
com.google.ads.internal.c$d: com.google.ads.internal.c$d b
com.google.ads.internal.c$d: com.google.ads.internal.c$d c
com.google.ads.internal.c$d: com.google.ads.internal.c$d d
com.google.ads.internal.c$d: java.lang.String e
com.google.ads.internal.c$d: com.google.ads.internal.c$d[] f
com.google.ads.internal.c$d: com.google.ads.internal.c$d[] values()
com.google.ads.internal.c$d: com.google.ads.internal.c$d valueOf(java.lang.String)
com.google.ads.internal.c$d: c$d(java.lang.String,int,java.lang.String)
com.google.ads.internal.c$d: void <clinit>()
com.google.ads.internal.c$e
com.google.ads.internal.c$e: com.google.ads.internal.d b
com.google.ads.internal.c$e: android.webkit.WebView c
com.google.ads.internal.c$e: java.util.LinkedList d
com.google.ads.internal.c$e: int e
com.google.ads.internal.c$e: boolean f
com.google.ads.internal.c$e: java.lang.String g
com.google.ads.internal.c$e: com.google.ads.AdSize h
com.google.ads.internal.c$e: com.google.ads.internal.c a
com.google.ads.internal.c$e: c$e(com.google.ads.internal.c,com.google.ads.internal.d,android.webkit.WebView,java.util.LinkedList,int,boolean,java.lang.String,com.google.ads.AdSize)
com.google.ads.internal.c$e: void run()
com.google.ads.internal.d
com.google.ads.internal.d: java.lang.Object a
com.google.ads.internal.d: com.google.ads.n b
com.google.ads.internal.d: com.google.ads.internal.c c
com.google.ads.internal.d: com.google.ads.AdRequest d
com.google.ads.internal.d: com.google.ads.internal.g e
com.google.ads.internal.d: com.google.ads.internal.AdWebView f
com.google.ads.internal.d: com.google.ads.internal.i g
com.google.ads.internal.d: boolean h
com.google.ads.internal.d: long i
com.google.ads.internal.d: boolean j
com.google.ads.internal.d: boolean k
com.google.ads.internal.d: boolean l
com.google.ads.internal.d: boolean m
com.google.ads.internal.d: boolean n
com.google.ads.internal.d: android.content.SharedPreferences o
com.google.ads.internal.d: long p
com.google.ads.internal.d: com.google.ads.af q
com.google.ads.internal.d: boolean r
com.google.ads.internal.d: java.util.LinkedList s
com.google.ads.internal.d: java.util.LinkedList t
com.google.ads.internal.d: int u
com.google.ads.internal.d: java.lang.Boolean v
com.google.ads.internal.d: com.google.ads.d w
com.google.ads.internal.d: com.google.ads.e x
com.google.ads.internal.d: com.google.ads.f y
com.google.ads.internal.d: java.lang.String z
com.google.ads.internal.d: java.lang.String A
com.google.ads.internal.d: d(com.google.ads.Ad,android.app.Activity,com.google.ads.AdSize,java.lang.String,android.view.ViewGroup,boolean)
com.google.ads.internal.d: void a()
com.google.ads.internal.d: void b()
com.google.ads.internal.e
com.google.ads.internal.e: java.lang.String a
com.google.ads.internal.e: java.util.HashMap b
com.google.ads.internal.e: e(android.os.Bundle)
com.google.ads.internal.e: e(java.lang.String)
com.google.ads.internal.e: e(java.lang.String,java.util.HashMap)
com.google.ads.internal.e: java.util.HashMap a(java.io.Serializable)
com.google.ads.internal.e: android.os.Bundle a()
com.google.ads.internal.e: java.lang.String b()
com.google.ads.internal.e: java.util.HashMap c()