bin/proguard/mapping.txt
com.google.ads.util.e -> com.google.ads.util.e:
    44:44:int a(android.content.Context,android.util.DisplayMetrics) -> a
    58:58:int b(android.content.Context,android.util.DisplayMetrics) -> b
    72:76:int a(android.content.Context,float,int) -> a
    84:85:void a(android.content.Intent,java.lang.String) -> a
com.google.ads.util.f -> com.google.ads.util.f:
    java.lang.Object b() -> b
com.google.ads.util.g -> com.google.ads.util.g:
    432:452:void a(android.webkit.WebSettings,com.google.ads.n) -> a
    458:459:void a(android.view.View) -> a
    465:466:void b(android.view.View) -> b
    472:474:void a(android.view.Window) -> a
com.google.ads.util.g$1 -> com.google.ads.util.g$1:
    int[] a -> a
com.google.ads.util.g$a -> com.google.ads.util.g$a:
    com.google.ads.n a -> a
    168:172:void onCloseWindow(android.webkit.WebView) -> onCloseWindow
    176:194:boolean onConsoleMessage(android.webkit.ConsoleMessage) -> onConsoleMessage
    215:263:void onExceededDatabaseQuota(java.lang.String,java.lang.String,long,long,long,android.webkit.WebStorage$QuotaUpdater) -> onExceededDatabaseQuota
    267:267:boolean onJsAlert(android.webkit.WebView,java.lang.String,java.lang.String,android.webkit.JsResult) -> onJsAlert
    272:272:boolean onJsBeforeUnload(android.webkit.WebView,java.lang.String,java.lang.String,android.webkit.JsResult) -> onJsBeforeUnload
    277:277:boolean onJsConfirm(android.webkit.WebView,java.lang.String,java.lang.String,android.webkit.JsResult) -> onJsConfirm
    283:283:boolean onJsPrompt(android.webkit.WebView,java.lang.String,java.lang.String,java.lang.String,android.webkit.JsPromptResult) -> onJsPrompt
    301:314:void onReachedMaxAppCacheSize(long,long,android.webkit.WebStorage$QuotaUpdater) -> onReachedMaxAppCacheSize
    322:323:void onShowCustomView(android.view.View,android.webkit.WebChromeClient$CustomViewCallback) -> onShowCustomView
    339:355:boolean a(android.webkit.WebView,java.lang.String,java.lang.String,java.lang.String,android.webkit.JsResult,android.webkit.JsPromptResult,boolean) -> a
    364:385:void a(android.app.AlertDialog$Builder,java.lang.String,android.webkit.JsResult) -> a
com.google.ads.util.g$a$1 -> com.google.ads.util.g$a$1:
    android.webkit.JsResult a -> a
    380:381:void onCancel(android.content.DialogInterface) -> onCancel
com.google.ads.util.g$a$2 -> com.google.ads.util.g$a$2:
    android.webkit.JsResult a -> a
    374:375:void onClick(android.content.DialogInterface,int) -> onClick
com.google.ads.util.g$a$3 -> com.google.ads.util.g$a$3:
    android.webkit.JsResult a -> a
    368:369:void onClick(android.content.DialogInterface,int) -> onClick
com.google.ads.util.g$a$4 -> com.google.ads.util.g$a$4:
    android.webkit.JsPromptResult a -> a
    420:421:void onCancel(android.content.DialogInterface) -> onCancel
com.google.ads.util.g$a$5 -> com.google.ads.util.g$a$5:
    android.webkit.JsPromptResult a -> a
    414:415:void onClick(android.content.DialogInterface,int) -> onClick
com.google.ads.util.g$a$6 -> com.google.ads.util.g$a$6:
    android.webkit.JsPromptResult a -> a
    android.widget.EditText b -> b
    408:409:void onClick(android.content.DialogInterface,int) -> onClick
com.google.ads.util.g$b -> com.google.ads.util.g$b:
    79:129:android.webkit.WebResourceResponse shouldInterceptRequest(android.webkit.WebView,java.lang.String) -> shouldInterceptRequest
    137:150:android.webkit.WebResourceResponse a(java.lang.String,android.content.Context) -> a
com.google.ads.util.h -> com.google.ads.util.h:
    28:32:void a(android.webkit.WebSettings,com.google.ads.n) -> a
com.google.ads.util.i -> com.google.ads.util.i:
    java.lang.Object a -> a
    int b -> b
    java.util.HashMap c -> c
    int t -> t
    java.util.ArrayList d -> d
    49:53:void finalize() -> finalize
    57:57:java.lang.String toString() -> toString
    61:62:void a(com.google.ads.util.i$a) -> a
    24:24:void a(com.google.ads.util.i,com.google.ads.util.i$a) -> a